Arguments: 
  C:\Program Files\nodejs\node.exe C:\Program Files (x86)\Yarn\bin\yarn.js

PATH: 
  C:\Users\irodriguez\Documents\cmder\bin;C:\Users\irodriguez\Documents\cmder\vendor\conemu-maximus5\ConEmu\Scripts;C:\Users\irodriguez\Documents\cmder\vendor\conemu-maximus5;C:\Users\irodriguez\Documents\cmder\vendor\conemu-maximus5\ConEmu;C:\WINDOWS\system32;C:\WINDOWS;C:\WINDOWS\System32\Wbem;C:\WINDOWS\System32\WindowsPowerShell\v1.0\;C:\Program Files (x86)\Microsoft SQL Server\130\Tools\Binn\;C:\Program Files\Microsoft SQL Server\130\Tools\Binn\;C:\Program Files (x86)\Microsoft SQL Server\130\DTS\Binn\;C:\Program Files\Microsoft SQL Server\130\DTS\Binn\;C:\Program Files\Microsoft SQL Server\Client SDK\ODBC\130\Tools\Binn\;C:\Program Files (x86)\Microsoft SQL Server\Client SDK\ODBC\130\Tools\Binn\;C:\Program Files (x86)\Microsoft SQL Server\130\Tools\Binn\ManagementStudio\;C:\Program Files\dotnet\;C:\Program Files (x86)\GtkSharp\2.12\bin;C:\Program Files (x86)\Android\android-sdk\platform-tools;C:\Program Files (x86)\Skype\Phone\;C:\Program Files\nodejs\;C:\Program Files (x86)\Yarn\bin;C:\Program Files\Git\cmd;C:\Program Files (x86)\dotnet\;C:\Users\irodriguez\AppData\Local\Microsoft\WindowsApps;C:\Users\irodriguez\AppData\Local\Microsoft\WindowsApps;C:\Users\irodriguez\AppData\Roaming\npm;C:\Program Files (x86)\Rico Suter\NSwagStudio\;C:\Users\irodriguez\AppData\Local\Yarn\bin;C:\Program Files\Microsoft VS Code\bin;C:\Users\irodriguez\AppData\Local\atom\bin;C:\Program Files\Git\usr\bin;C:\Program Files\Git\usr\share\vim\vim74;C:\Users\irodriguez\Documents\cmder\

Yarn version: 
  0.27.5

Node version: 
  8.1.3

Platform: 
  win32 x64

npm manifest: 
  {
    "main": "node_modules/expo/AppEntry.js",
    "private": true,
    "scripts": {
      "start": "webpack-dev-server --env development --watch",
      "build": "webpack --env production",
      "stats": "webpack --env production --profile --json > stats.json",
      "lint:js": "eslint . --ext .js --ext .jsx --cache",
      "lint:style": "stylelint app/**/*.scss",
      "flow": "flow",
      "test": "jest --watch --verbose",
      "test:all": "jest --watchAll --verbose",
      "test:coverage": "jest --coverage"
    },
    "dependencies": {
      "expo": "^23.0.0",
      "history": "^4.7.2",
      "react": "16.0.0",
      "react-async-component": "^1.0.1",
      "react-dom": "^16.0.0",
      "react-native": "https://github.com/expo/react-native/archive/sdk-23.0.0.tar.gz",
      "react-redux": "^5.0.6",
      "react-router-dom": "^4.2.2",
      "react-router-redux": "next",
      "redux": "^3.7.2" 
    },
    "devDependencies": {
      "autoprefixer": "^7.1.1",
      "babel-cli": "^6.24.1",
      "babel-core": "^6.25.0",
      "babel-eslint": "^7.2.3",
      "babel-jest": "^21.2.0",
      "babel-loader": "^7.1.0",
      "babel-plugin-syntax-dynamic-import": "^6.18.0",
      "babel-plugin-transform-class-properties": "^6.24.1",
      "babel-preset-env": "^1.5.2",
      "babel-preset-es2015": "^6.24.1",
      "babel-preset-es2016": "^6.24.1",
      "babel-preset-es2017": "^6.24.1",
      "babel-preset-flow": "^6.23.0",
      "babel-preset-react": "^6.24.1",
      "babili-webpack-plugin": "^0.1.2",
      "clean-webpack-plugin": "^0.1.16",
      "css-loader": "^0.28.4",
      "enzyme": "^3.0.0",
      "enzyme-adapter-react-16": "^1.0.0",
      "eslint": "^4.1.0",
      "eslint-loader": "^1.8.0",
      "eslint-plugin-react": "^7.1.0",
      "eslint-plugin-smells": "^1.0.1",
      "extract-text-webpack-plugin": "^3.0.0",
      "file-loader": "^0.11.2",
      "flow-bin": "^0.49.1",
      "git-revision-webpack-plugin": "^2.5.1",
      "glob": "^7.1.2",
      "html-webpack-plugin": "^2.29.0",
      "i18n-webpack-plugin": "^1.0.0",
      "identity-obj-proxy": "^3.0.0",
      "jest": "^21.2.1",
      "node-sass": "^4.5.3",
      "postcss-loader": "^2.0.6",
      "purify-css": "^1.2.5",
      "purifycss-webpack": "^0.7.0",
      "react-hot-loader": "next",
      "react-test-renderer": "^16.0.0",
      "sass-loader": "^6.0.6",
      "style-loader": "^0.18.2",
      "stylelint": "^7.11.1",
      "stylelint-scss": "^1.4.4",
      "url-loader": "^0.5.9",
      "webpack": "^3.6.0",
      "webpack-bundle-analyzer": "^2.8.2",
      "webpack-dev-server": "^2.9.0",
      "webpack-merge": "^4.1.0"
    }
  }

yarn manifest: 
  No manifest

Lockfile: 
  No lockfile

Trace: 
  Error: EPERM: operation not permitted, unlink 'C:\TFS\PalomaToSeries\client\node_modules\deep-extend\lib'
